# JRE version: Java(TM) SE Runtime Environment (17.0.12+8) (build 17.0.12+8-LTS-286)
# Java VM: Java HotSpot(TM) 64-Bit Server VM (17.0.12+8-LTS-286, mixed mode, sharing, tiered, compressed oops, compressed class ptrs, g1 gc, windows-amd64)
GC Precious Log:
 CPUs: 8 total, 8 available
 Memory: 16261M
 Large Page Support: Disabled
 NUMA Support: Disabled
 Compressed Oops: Enabled (Zero based)
 Heap Region Size: 2M
 Heap Min Capacity: 8M
 Heap Initial Capacity: 256M
 Heap Max Capacity: 4066M
 Pre-touch: Disabled
 Parallel Workers: 8
 Concurrent Workers: 2
 Concurrent Refinement Workers: 8
 Periodic GC: Disabled
Heap:
 garbage-first heap   total 98304K, used 61964K [0x0000000701e00000, 0x0000000800000000)
  region size 2048K, 18 young (36864K), 4 survivors (8192K)
 Metaspace       used 71303K, committed 71936K, reserved 1114112K
  class space    used 10016K, committed 10304K, reserved 1048576K
GC Heap History (20 events):
Event: 10.793 GC heap before
{Heap before GC invocations=6 (full 0):
 garbage-first heap   total 55296K, used 32650K [0x0000000701e00000, 0x0000000800000000)
  region size 2048K, 10 young (20480K), 1 survivors (2048K)
 Metaspace       used 25909K, committed 26176K, reserved 1114112K
  class space    used 3348K, committed 3520K, reserved 1048576K
}
Event: 10.797 GC heap after
{Heap after GC invocations=7 (full 0):
 garbage-first heap   total 55296K, used 17193K [0x0000000701e00000, 0x0000000800000000)
  region size 2048K, 1 young (2048K), 1 survivors (2048K)
 Metaspace       used 25909K, committed 26176K, reserved 1114112K
  class space    used 3348K, committed 3520K, reserved 1048576K
}
Event: 11.256 GC heap before
{Heap before GC invocations=7 (full 0):
 garbage-first heap   total 55296K, used 35625K [0x0000000701e00000, 0x0000000800000000)
  region size 2048K, 10 young (20480K), 1 survivors (2048K)
 Metaspace       used 28656K, committed 29120K, reserved 1114112K
  class space    used 3749K, committed 3968K, reserved 1048576K
}
Event: 11.262 GC heap after
{Heap after GC invocations=8 (full 0):
 garbage-first heap   total 55296K, used 18904K [0x0000000701e00000, 0x0000000800000000)
  region size 2048K, 2 young (4096K), 2 survivors (4096K)
 Metaspace       used 28656K, committed 29120K, reserved 1114112K
  class space    used 3749K, committed 3968K, reserved 1048576K
}
Event: 11.670 GC heap before
{Heap before GC invocations=8 (full 0):
 garbage-first heap   total 55296K, used 37336K [0x0000000701e00000, 0x0000000800000000)
  region size 2048K, 11 young (22528K), 2 survivors (4096K)
 Metaspace       used 31546K, committed 31936K, reserved 1114112K
  class space    used 4152K, committed 4352K, reserved 1048576K
}
Event: 11.679 GC heap after
{Heap after GC invocations=9 (full 0):
 garbage-first heap   total 159744K, used 19802K [0x0000000701e00000, 0x0000000800000000)
  region size 2048K, 2 young (4096K), 2 survivors (4096K)
 Metaspace       used 31546K, committed 31936K, reserved 1114112K
  class space    used 4152K, committed 4352K, reserved 1048576K
}
Event: 12.179 GC heap before
{Heap before GC invocations=9 (full 0):
 garbage-first heap   total 159744K, used 36186K [0x0000000701e00000, 0x0000000800000000)
  region size 2048K, 11 young (22528K), 2 survivors (4096K)
 Metaspace       used 35604K, committed 35968K, reserved 1114112K
  class space    used 4821K, committed 4992K, reserved 1048576K
}
Event: 12.184 GC heap after
{Heap after GC invocations=10 (full 0):
 garbage-first heap   total 159744K, used 20639K [0x0000000701e00000, 0x0000000800000000)
  region size 2048K, 2 young (4096K), 2 survivors (4096K)
 Metaspace       used 35604K, committed 35968K, reserved 1114112K
  class space    used 4821K, committed 4992K, reserved 1048576K
}
Event: 13.135 GC heap before
{Heap before GC invocations=11 (full 0):
 garbage-first heap   total 81920K, used 65695K [0x0000000701e00000, 0x0000000800000000)
  region size 2048K, 24 young (49152K), 2 survivors (4096K)
 Metaspace       used 45776K, committed 46208K, reserved 1114112K
  class space    used 6122K, committed 6336K, reserved 1048576K
}
Event: 13.145 GC heap after
{Heap after GC invocations=12 (full 0):
 garbage-first heap   total 81920K, used 24692K [0x0000000701e00000, 0x0000000800000000)
  region size 2048K, 3 young (6144K), 3 survivors (6144K)
 Metaspace       used 45776K, committed 46208K, reserved 1114112K
  class space    used 6122K, committed 6336K, reserved 1048576K
}
Event: 13.729 GC heap before
{Heap before GC invocations=12 (full 0):
 garbage-first heap   total 81920K, used 61556K [0x0000000701e00000, 0x0000000800000000)
  region size 2048K, 21 young (43008K), 3 survivors (6144K)
 Metaspace       used 51871K, committed 52352K, reserved 1114112K
  class space    used 7110K, committed 7360K, reserved 1048576K
}
Event: 13.736 GC heap after
{Heap after GC invocations=13 (full 0):
 garbage-first heap   total 81920K, used 25696K [0x0000000701e00000, 0x0000000800000000)
  region size 2048K, 1 young (2048K), 1 survivors (2048K)
 Metaspace       used 51871K, committed 52352K, reserved 1114112K
  class space    used 7110K, committed 7360K, reserved 1048576K
}
Event: 14.750 GC heap before
{Heap before GC invocations=13 (full 0):
 garbage-first heap   total 81920K, used 62560K [0x0000000701e00000, 0x0000000800000000)
  region size 2048K, 19 young (38912K), 1 survivors (2048K)
 Metaspace       used 58146K, committed 58688K, reserved 1114112K
  class space    used 7895K, committed 8128K, reserved 1048576K
}
Event: 14.757 GC heap after
{Heap after GC invocations=14 (full 0):
 garbage-first heap   total 98304K, used 27625K [0x0000000701e00000, 0x0000000800000000)
  region size 2048K, 2 young (4096K), 2 survivors (4096K)
 Metaspace       used 58146K, committed 58688K, reserved 1114112K
  class space    used 7895K, committed 8128K, reserved 1048576K
}
Event: 14.956 GC heap before
{Heap before GC invocations=14 (full 0):
 garbage-first heap   total 98304K, used 35817K [0x0000000701e00000, 0x0000000800000000)
  region size 2048K, 7 young (14336K), 2 survivors (4096K)
 Metaspace       used 59740K, committed 60160K, reserved 1114112K
  class space    used 8171K, committed 8384K, reserved 1048576K
}
Event: 14.964 GC heap after
{Heap after GC invocations=15 (full 0):
 garbage-first heap   total 98304K, used 28289K [0x0000000701e00000, 0x0000000800000000)
  region size 2048K, 2 young (4096K), 2 survivors (4096K)
 Metaspace       used 59740K, committed 60160K, reserved 1114112K
  class space    used 8171K, committed 8384K, reserved 1048576K
}
Event: 15.567 GC heap before
{Heap before GC invocations=16 (full 0):
 garbage-first heap   total 98304K, used 75393K [0x0000000701e00000, 0x0000000800000000)
  region size 2048K, 25 young (51200K), 2 survivors (4096K)
 Metaspace       used 63436K, committed 63936K, reserved 1114112K
  class space    used 8927K, committed 9152K, reserved 1048576K
}
Event: 15.578 GC heap after
{Heap after GC invocations=17 (full 0):
 garbage-first heap   total 98304K, used 31791K [0x0000000701e00000, 0x0000000800000000)
  region size 2048K, 4 young (8192K), 4 survivors (8192K)
 Metaspace       used 63436K, committed 63936K, reserved 1114112K
  class space    used 8927K, committed 9152K, reserved 1048576K
}
Event: 16.325 GC heap before
{Heap before GC invocations=17 (full 0):
 garbage-first heap   total 98304K, used 74799K [0x0000000701e00000, 0x0000000800000000)
  region size 2048K, 25 young (51200K), 4 survivors (8192K)
 Metaspace       used 67895K, committed 68416K, reserved 1114112K
  class space    used 9494K, committed 9728K, reserved 1048576K
}
Event: 16.340 GC heap after
{Heap after GC invocations=18 (full 0):
 garbage-first heap   total 98304K, used 35340K [0x0000000701e00000, 0x0000000800000000)
  region size 2048K, 4 young (8192K), 4 survivors (8192K)
 Metaspace       used 67895K, committed 68416K, reserved 1114112K
  class space    used 9494K, committed 9728K, reserved 1048576K
}

