# JRE version: Java(TM) SE Runtime Environment (17.0.12+8) (build 17.0.12+8-LTS-286)
# Java VM: Java HotSpot(TM) 64-Bit Server VM (17.0.12+8-LTS-286, mixed mode, emulated-client, sharing, tiered, compressed oops, compressed class ptrs, g1 gc, windows-amd64)
GC Precious Log:
 CPUs: 8 total, 8 available
 Memory: 16261M
 Large Page Support: Disabled
 NUMA Support: Disabled
 Compressed Oops: Enabled (Zero based)
 Heap Region Size: 2M
 Heap Min Capacity: 8M
 Heap Initial Capacity: 256M
 Heap Max Capacity: 4066M
 Pre-touch: Disabled
 Parallel Workers: 8
 Concurrent Workers: 2
 Concurrent Refinement Workers: 8
 Periodic GC: Disabled
Heap:
 garbage-first heap   total 305152K, used 198317K [0x0000000701e00000, 0x0000000800000000)
  region size 2048K, 3 young (6144K), 1 survivors (2048K)
 Metaspace       used 76087K, committed 76736K, reserved 1179648K
  class space    used 11163K, committed 11456K, reserved 1048576K
GC Heap History (20 events):
Event: 27965.678 GC heap before
{Heap before GC invocations=802 (full 0):
 garbage-first heap   total 372736K, used 144666K [0x0000000701e00000, 0x0000000800000000)
  region size 2048K, 4 young (8192K), 1 survivors (2048K)
 Metaspace       used 76087K, committed 76736K, reserved 1179648K
  class space    used 11163K, committed 11456K, reserved 1048576K
}
Event: 27965.680 GC heap after
{Heap after GC invocations=803 (full 0):
 garbage-first heap   total 372736K, used 98102K [0x0000000701e00000, 0x0000000800000000)
  region size 2048K, 1 young (2048K), 1 survivors (2048K)
 Metaspace       used 76087K, committed 76736K, reserved 1179648K
  class space    used 11163K, committed 11456K, reserved 1048576K
}
Event: 27966.294 GC heap before
{Heap before GC invocations=804 (full 0):
 garbage-first heap   total 372736K, used 243510K [0x0000000701e00000, 0x0000000800000000)
  region size 2048K, 3 young (6144K), 1 survivors (2048K)
 Metaspace       used 76087K, committed 76736K, reserved 1179648K
  class space    used 11163K, committed 11456K, reserved 1048576K
}
Event: 27966.296 GC heap after
{Heap after GC invocations=805 (full 0):
 garbage-first heap   total 372736K, used 42285K [0x0000000701e00000, 0x0000000800000000)
  region size 2048K, 1 young (2048K), 1 survivors (2048K)
 Metaspace       used 76087K, committed 76736K, reserved 1179648K
  class space    used 11163K, committed 11456K, reserved 1048576K
}
Event: 28048.922 GC heap before
{Heap before GC invocations=806 (full 0):
 garbage-first heap   total 372736K, used 220461K [0x0000000701e00000, 0x0000000800000000)
  region size 2048K, 6 young (12288K), 1 survivors (2048K)
 Metaspace       used 76087K, committed 76736K, reserved 1179648K
  class space    used 11163K, committed 11456K, reserved 1048576K
}
Event: 28048.924 GC heap after
{Heap after GC invocations=807 (full 0):
 garbage-first heap   total 372736K, used 42283K [0x0000000701e00000, 0x0000000800000000)
  region size 2048K, 1 young (2048K), 1 survivors (2048K)
 Metaspace       used 76087K, committed 76736K, reserved 1179648K
  class space    used 11163K, committed 11456K, reserved 1048576K
}
Event: 28049.112 GC heap before
{Heap before GC invocations=808 (full 0):
 garbage-first heap   total 264192K, used 251179K [0x0000000701e00000, 0x0000000800000000)
  region size 2048K, 5 young (10240K), 1 survivors (2048K)
 Metaspace       used 76087K, committed 76736K, reserved 1179648K
  class space    used 11163K, committed 11456K, reserved 1048576K
}
Event: 28049.114 GC heap after
{Heap after GC invocations=809 (full 0):
 garbage-first heap   total 264192K, used 132404K [0x0000000701e00000, 0x0000000800000000)
  region size 2048K, 1 young (2048K), 1 survivors (2048K)
 Metaspace       used 76087K, committed 76736K, reserved 1179648K
  class space    used 11163K, committed 11456K, reserved 1048576K
}
Event: 28049.855 GC heap before
{Heap before GC invocations=809 (full 0):
 garbage-first heap   total 264192K, used 251188K [0x0000000701e00000, 0x0000000800000000)
  region size 2048K, 3 young (6144K), 1 survivors (2048K)
 Metaspace       used 76087K, committed 76736K, reserved 1179648K
  class space    used 11163K, committed 11456K, reserved 1048576K
}
Event: 28049.858 GC heap after
{Heap after GC invocations=810 (full 0):
 garbage-first heap   total 264192K, used 87206K [0x0000000701e00000, 0x0000000800000000)
  region size 2048K, 1 young (2048K), 1 survivors (2048K)
 Metaspace       used 76087K, committed 76736K, reserved 1179648K
  class space    used 11163K, committed 11456K, reserved 1048576K
}
Event: 28049.858 GC heap before
{Heap before GC invocations=810 (full 0):
 garbage-first heap   total 264192K, used 91302K [0x0000000701e00000, 0x0000000800000000)
  region size 2048K, 1 young (2048K), 1 survivors (2048K)
 Metaspace       used 76087K, committed 76736K, reserved 1179648K
  class space    used 11163K, committed 11456K, reserved 1048576K
}
Event: 28049.860 GC heap after
{Heap after GC invocations=811 (full 0):
 garbage-first heap   total 264192K, used 89289K [0x0000000701e00000, 0x0000000800000000)
  region size 2048K, 1 young (2048K), 1 survivors (2048K)
 Metaspace       used 76087K, committed 76736K, reserved 1179648K
  class space    used 11163K, committed 11456K, reserved 1048576K
}
Event: 28072.931 GC heap before
{Heap before GC invocations=812 (full 0):
 garbage-first heap   total 307200K, used 181449K [0x0000000701e00000, 0x0000000800000000)
  region size 2048K, 3 young (6144K), 1 survivors (2048K)
 Metaspace       used 76087K, committed 76736K, reserved 1179648K
  class space    used 11163K, committed 11456K, reserved 1048576K
}
Event: 28072.933 GC heap after
{Heap after GC invocations=813 (full 0):
 garbage-first heap   total 307200K, used 42164K [0x0000000701e00000, 0x0000000800000000)
  region size 2048K, 1 young (2048K), 1 survivors (2048K)
 Metaspace       used 76087K, committed 76736K, reserved 1179648K
  class space    used 11163K, committed 11456K, reserved 1048576K
}
Event: 28073.065 GC heap before
{Heap before GC invocations=814 (full 0):
 garbage-first heap   total 239616K, used 230580K [0x0000000701e00000, 0x0000000800000000)
  region size 2048K, 6 young (12288K), 1 survivors (2048K)
 Metaspace       used 76087K, committed 76736K, reserved 1179648K
  class space    used 11163K, committed 11456K, reserved 1048576K
}
Event: 28073.066 GC heap after
{Heap after GC invocations=815 (full 0):
 garbage-first heap   total 241664K, used 122580K [0x0000000701e00000, 0x0000000800000000)
  region size 2048K, 1 young (2048K), 1 survivors (2048K)
 Metaspace       used 76087K, committed 76736K, reserved 1179648K
  class space    used 11163K, committed 11456K, reserved 1048576K
}
Event: 28073.714 GC heap before
{Heap before GC invocations=815 (full 0):
 garbage-first heap   total 241664K, used 231124K [0x0000000701e00000, 0x0000000800000000)
  region size 2048K, 2 young (4096K), 1 survivors (2048K)
 Metaspace       used 76087K, committed 76736K, reserved 1179648K
  class space    used 11163K, committed 11456K, reserved 1048576K
}
Event: 28073.716 GC heap after
{Heap after GC invocations=816 (full 0):
 garbage-first heap   total 241664K, used 70813K [0x0000000701e00000, 0x0000000800000000)
  region size 2048K, 1 young (2048K), 1 survivors (2048K)
 Metaspace       used 76087K, committed 76736K, reserved 1179648K
  class space    used 11163K, committed 11456K, reserved 1048576K
}
Event: 28073.717 GC heap before
{Heap before GC invocations=816 (full 0):
 garbage-first heap   total 241664K, used 74909K [0x0000000701e00000, 0x0000000800000000)
  region size 2048K, 2 young (4096K), 1 survivors (2048K)
 Metaspace       used 76087K, committed 76736K, reserved 1179648K
  class space    used 11163K, committed 11456K, reserved 1048576K
}
Event: 28073.719 GC heap after
{Heap after GC invocations=817 (full 0):
 garbage-first heap   total 241664K, used 75437K [0x0000000701e00000, 0x0000000800000000)
  region size 2048K, 1 young (2048K), 1 survivors (2048K)
 Metaspace       used 76087K, committed 76736K, reserved 1179648K
  class space    used 11163K, committed 11456K, reserved 1048576K
}

